<?xml version="1.0" encoding="utf-8"?><testsuite errors="0" failures="0" name="pytest" skips="0" tests="7" time="6.694"><testcase classname="test_submit" file="test_submit.py" line="11" name="test_modules" time="0.0009975433349609375"></testcase><testcase classname="test_submit" file="test_submit.py" line="17" name="test_q_1" time="1.0712792873382568"></testcase><testcase classname="test_submit" file="test_submit.py" line="20" name="test_q_2" time="1.1572234630584717"></testcase><testcase classname="test_submit" file="test_submit.py" line="23" name="test_q_3" time="1.0658133029937744"></testcase><testcase classname="test_submit" file="test_submit.py" line="47" name="test_q_4" time="1.105943202972412"></testcase><testcase classname="test_submit" file="test_submit.py" line="61" name="test_q_5" time="1.0966227054595947"></testcase><testcase classname="test_submit" file="test_submit.py" line="75" name="test_q_6" time="1.093874216079712"></testcase></testsuite>