<?xml version="1.0" encoding="UTF-8"?>
<testsuites>
	<testsuite tests="6" failures="0" time="1.013" name="command-line-arguments">
		<properties>
			<property name="go.version" value="go1.10.1"></property>
		</properties>
		<testcase classname="command-line-arguments" name="TestSubmitQ1" time="0.210"></testcase>
		<testcase classname="command-line-arguments" name="TestSubmitQ2" time="0.230"></testcase>
		<testcase classname="command-line-arguments" name="TestSubmitQ3" time="0.000"></testcase>
		<testcase classname="command-line-arguments" name="TestSubmitQ4" time="0.190"></testcase>
		<testcase classname="command-line-arguments" name="TestSubmitQ5" time="0.170"></testcase>
		<testcase classname="command-line-arguments" name="TestSubmitQ6" time="0.200"></testcase>
	</testsuite>
</testsuites>
